<?xml version="1.0" encoding="UTF-8"?>
<!-- Generated by org.testng.reporters.JUnitReportReporter -->
<testsuite hostname="TYC112155-Raksha" failures="0" tests="1" name="settings.TC_03" time="19.923" errors="0" timestamp="2022-03-02T15:33:30 IST" skipped="0">
  <testcase classname="settings.TC_03" name="sample" time="19.923"/>
  <system-out>
Home page is displayed successfully Leave page is displayed successfully  </system-out>
</testsuite> <!-- settings.TC_03 -->
