<?xml version="1.0" encoding="UTF-8"?>
<!-- Generated by org.testng.reporters.JUnitReportReporter -->
<testsuite hostname="TYC112155-Raksha" failures="0" tests="1" name="users.TC_01" time="27.484" errors="0" timestamp="2022-02-28T18:29:39 IST" skipped="0">
  <testcase classname="users.TC_01" name="sample" time="27.484"/>
  <system-out/>
</testsuite> <!-- users.TC_01 -->
