<?xml version="1.0" encoding="UTF-8"?>
<!-- Generated by org.testng.reporters.JUnitReportReporter -->
<testsuite hostname="TYC112155-Raksha" failures="0" tests="1" name="users.SampleTestCase" time="37.792" errors="0" timestamp="2022-02-25T18:04:48 IST" skipped="0">
  <testcase classname="users.SampleTestCase" name="sample" time="37.792"/>
  <system-out/>
</testsuite> <!-- users.SampleTestCase -->
