<?xml version="1.0" encoding="UTF-8"?>
<!-- Generated by org.testng.reporters.JUnitReportReporter -->
<testsuite hostname="TYC112155-Raksha" failures="0" tests="1" name="settings.actitime_Setting_56Test" time="19.520" errors="0" timestamp="2022-03-02T15:58:54 IST" skipped="0">
  <testcase classname="settings.actitime_Setting_56Test" name="validateThatUserIsAbleToCreateNewLeave" time="19.520"/>
  <system-out>
Home page is displayed successfully Leave page is displayed successfully  </system-out>
</testsuite> <!-- settings.actitime_Setting_56Test -->
