<?xml version="1.0" encoding="UTF-8"?>
<!-- Generated by org.testng.reporters.JUnitReportReporter -->
<testsuite hostname="TYC112155-Raksha" failures="0" tests="1" name="settings.TC_02" time="21.278" errors="0" timestamp="2022-03-02T15:32:11 IST" skipped="0">
  <testcase classname="settings.TC_02" name="sample" time="21.278"/>
  <system-out>
Home page is displayed successfully Leave page is displayed successfully  </system-out>
</testsuite> <!-- settings.TC_02 -->
