<?xml version="1.0" encoding="UTF-8"?>
<!-- Generated by org.testng.reporters.JUnitReportReporter -->
<testsuite hostname="TYC112155-Raksha" failures="0" tests="1" name="users.TC_03" time="23.140" errors="0" timestamp="2022-02-28T18:31:10 IST" skipped="0">
  <testcase classname="users.TC_03" name="sample" time="23.140"/>
  <system-out/>
</testsuite> <!-- users.TC_03 -->
